!SESSION 2019-09-26 09:19:07.376 -----------------------------------------------
eclipse.buildId=4.12.0.I20190605-1800
java.version=11.0.4
java.vendor=Oracle Corporation
BootLoader constants: OS=win32, ARCH=x86_64, WS=win32, NL=ko_KR
Framework arguments:  -product org.eclipse.epp.package.jee.product -product org.eclipse.epp.package.jee.product
Command-line arguments:  -os win32 -ws win32 -arch x86_64 -product org.eclipse.epp.package.jee.product -data K:\eclipse-jee-2019-06-R-win32-x86_64 -product org.eclipse.epp.package.jee.product

!ENTRY org.eclipse.equinox.preferences 4 2 2019-09-26 09:19:16.348
!MESSAGE Problems occurred when invoking code from plug-in: "org.eclipse.equinox.preferences".
!STACK 0
java.lang.IllegalStateException: The platform metadata area could not be written: K:\eclipse-jee-2019-06-R-win32-x86_64\.metadata.  By default the platform writes its content
under the current working directory when the platform is launched.  Use the -data parameter to
specify a different content area for the platform.
	at org.eclipse.core.internal.runtime.DataArea.assertLocationInitialized(DataArea.java:73)
	at org.eclipse.core.internal.runtime.DataArea.getStateLocation(DataArea.java:141)
	at org.eclipse.core.internal.preferences.InstancePreferences.getBaseLocation(InstancePreferences.java:47)
	at org.eclipse.core.internal.preferences.InstancePreferences.initializeChildren(InstancePreferences.java:212)
	at org.eclipse.core.internal.preferences.InstancePreferences.<init>(InstancePreferences.java:62)
	at org.eclipse.core.internal.preferences.InstancePreferences.internalCreate(InstancePreferences.java:223)
	at org.eclipse.core.internal.preferences.EclipsePreferences.create(EclipsePreferences.java:352)
	at org.eclipse.core.internal.preferences.EclipsePreferences.create(EclipsePreferences.java:340)
	at org.eclipse.core.internal.preferences.PreferencesService.createNode(PreferencesService.java:396)
	at org.eclipse.core.internal.preferences.RootPreferences.getChild(RootPreferences.java:63)
	at org.eclipse.core.internal.preferences.RootPreferences.getNode(RootPreferences.java:98)
	at org.eclipse.core.internal.preferences.RootPreferences.node(RootPreferences.java:87)
	at org.eclipse.core.internal.preferences.AbstractScope.getNode(AbstractScope.java:41)
	at org.eclipse.core.runtime.preferences.InstanceScope.getNode(InstanceScope.java:80)
	at org.eclipse.core.internal.preferences.PreferencesService$5.run(PreferencesService.java:613)
	at org.eclipse.core.runtime.SafeRunner.run(SafeRunner.java:45)
	at org.eclipse.core.internal.preferences.PreferencesService.getNodes(PreferencesService.java:603)
	at org.eclipse.core.internal.preferences.PreferencesService.getBoolean(PreferencesService.java:481)
	at org.eclipse.ui.trace.internal.utils.PreferenceHandler.isTracingEnabled(PreferenceHandler.java:111)
	at org.eclipse.ui.trace.internal.TracingUIActivator.initPreferences(TracingUIActivator.java:103)
	at org.eclipse.ui.trace.internal.TracingUIActivator.start(TracingUIActivator.java:72)
	at org.eclipse.osgi.internal.framework.BundleContextImpl$3.run(BundleContextImpl.java:842)
	at org.eclipse.osgi.internal.framework.BundleContextImpl$3.run(BundleContextImpl.java:1)
	at java.base/java.security.AccessController.doPrivileged(Native Method)
	at org.eclipse.osgi.internal.framework.BundleContextImpl.startActivator(BundleContextImpl.java:834)
	at org.eclipse.osgi.internal.framework.BundleContextImpl.start(BundleContextImpl.java:791)
	at org.eclipse.osgi.internal.framework.EquinoxBundle.startWorker0(EquinoxBundle.java:1013)
	at org.eclipse.osgi.internal.framework.EquinoxBundle$EquinoxModule.startWorker(EquinoxBundle.java:365)
	at org.eclipse.osgi.container.Module.doStart(Module.java:598)
	at org.eclipse.osgi.container.Module.start(Module.java:462)
	at org.eclipse.osgi.framework.util.SecureAction.start(SecureAction.java:493)
	at org.eclipse.osgi.internal.hooks.EclipseLazyStarter.postFindLocalClass(EclipseLazyStarter.java:117)
	at org.eclipse.osgi.internal.loader.classpath.ClasspathManager.findLocalClass(ClasspathManager.java:570)
	at org.eclipse.osgi.internal.loader.ModuleClassLoader.findLocalClass(ModuleClassLoader.java:330)
	at org.eclipse.osgi.internal.loader.BundleLoader.findLocalClass(BundleLoader.java:396)
	at org.eclipse.osgi.internal.loader.BundleLoader.findClassInternal(BundleLoader.java:474)
	at org.eclipse.osgi.internal.loader.BundleLoader.findClass(BundleLoader.java:423)
	at org.eclipse.osgi.internal.loader.BundleLoader.findClass(BundleLoader.java:415)
	at org.eclipse.osgi.internal.loader.ModuleClassLoader.loadClass(ModuleClassLoader.java:155)
	at java.base/java.lang.ClassLoader.loadClass(ClassLoader.java:521)
	at org.eclipse.osgi.internal.framework.EquinoxBundle.loadClass(EquinoxBundle.java:620)
	at org.apache.felix.scr.impl.manager.AbstractComponentManager.initDependencyManagers(AbstractComponentManager.java:999)
	at org.apache.felix.scr.impl.manager.AbstractComponentManager.collectDependencies(AbstractComponentManager.java:1026)
	at org.apache.felix.scr.impl.manager.SingleComponentManager.getServiceInternal(SingleComponentManager.java:936)
	at org.apache.felix.scr.impl.manager.AbstractComponentManager.activateInternal(AbstractComponentManager.java:765)
	at org.apache.felix.scr.impl.manager.AbstractComponentManager.enableInternal(AbstractComponentManager.java:666)
	at org.apache.felix.scr.impl.manager.AbstractComponentManager.enable(AbstractComponentManager.java:432)
	at org.apache.felix.scr.impl.manager.ConfigurableComponentHolder.enableComponents(ConfigurableComponentHolder.java:665)
	at org.apache.felix.scr.impl.BundleComponentActivator.initialEnable(BundleComponentActivator.java:339)
	at org.apache.felix.scr.impl.Activator.loadComponents(Activator.java:381)
	at org.apache.felix.scr.impl.Activator.access$200(Activator.java:49)
	at org.apache.felix.scr.impl.Activator$ScrExtension.start(Activator.java:263)
	at org.apache.felix.scr.impl.AbstractExtender.createExtension(AbstractExtender.java:196)
	at org.apache.felix.scr.impl.AbstractExtender.modifiedBundle(AbstractExtender.java:169)
	at org.apache.felix.scr.impl.AbstractExtender.addingBundle(AbstractExtender.java:139)
	at org.apache.felix.scr.impl.AbstractExtender.addingBundle(AbstractExtender.java:49)
	at org.osgi.util.tracker.BundleTracker$Tracked.customizerAdding(BundleTracker.java:475)
	at org.osgi.util.tracker.BundleTracker$Tracked.customizerAdding(BundleTracker.java:1)
	at org.osgi.util.tracker.AbstractTracked.trackAdding(AbstractTracked.java:256)
	at org.osgi.util.tracker.AbstractTracked.track(AbstractTracked.java:229)
	at org.osgi.util.tracker.BundleTracker$Tracked.bundleChanged(BundleTracker.java:450)
	at org.eclipse.osgi.internal.framework.BundleContextImpl.dispatchEvent(BundleContextImpl.java:973)
	at org.eclipse.osgi.framework.eventmgr.EventManager.dispatchEvent(EventManager.java:234)
	at org.eclipse.osgi.framework.eventmgr.ListenerQueue.dispatchEventSynchronous(ListenerQueue.java:151)
	at org.eclipse.osgi.internal.framework.EquinoxEventPublisher.publishBundleEventPrivileged(EquinoxEventPublisher.java:234)
	at org.eclipse.osgi.internal.framework.EquinoxEventPublisher.publishBundleEvent(EquinoxEventPublisher.java:140)
	at org.eclipse.osgi.internal.framework.EquinoxEventPublisher.publishBundleEvent(EquinoxEventPublisher.java:132)
	at org.eclipse.osgi.internal.framework.EquinoxContainerAdaptor.publishModuleEvent(EquinoxContainerAdaptor.java:231)
	at org.eclipse.osgi.container.Module.publishEvent(Module.java:493)
	at org.eclipse.osgi.container.Module.start(Module.java:480)
	at org.eclipse.osgi.container.ModuleContainer$ContainerStartLevel$1.run(ModuleContainer.java:1820)
	at org.eclipse.osgi.internal.framework.EquinoxContainerAdaptor$2$1.execute(EquinoxContainerAdaptor.java:150)
	at org.eclipse.osgi.container.ModuleContainer$ContainerStartLevel.incStartLevel(ModuleContainer.java:1813)
	at org.eclipse.osgi.container.ModuleContainer$ContainerStartLevel.incStartLevel(ModuleContainer.java:1769)
	at org.eclipse.osgi.container.ModuleContainer$ContainerStartLevel.doContainerStartLevel(ModuleContainer.java:1735)
	at org.eclipse.osgi.container.ModuleContainer$ContainerStartLevel.dispatchEvent(ModuleContainer.java:1661)
	at org.eclipse.osgi.container.ModuleContainer$ContainerStartLevel.dispatchEvent(ModuleContainer.java:1)
	at org.eclipse.osgi.framework.eventmgr.EventManager.dispatchEvent(EventManager.java:234)
	at org.eclipse.osgi.framework.eventmgr.EventManager$EventThread.run(EventManager.java:345)

!ENTRY org.eclipse.osgi 4 0 2019-09-26 09:19:16.364
!MESSAGE An error occurred while automatically activating bundle org.eclipse.ui.trace (766).
!STACK 0
org.osgi.framework.BundleException: Exception in org.eclipse.ui.trace.internal.TracingUIActivator.start() of bundle org.eclipse.ui.trace.
	at org.eclipse.osgi.internal.framework.BundleContextImpl.startActivator(BundleContextImpl.java:863)
	at org.eclipse.osgi.internal.framework.BundleContextImpl.start(BundleContextImpl.java:791)
	at org.eclipse.osgi.internal.framework.EquinoxBundle.startWorker0(EquinoxBundle.java:1013)
	at org.eclipse.osgi.internal.framework.EquinoxBundle$EquinoxModule.startWorker(EquinoxBundle.java:365)
	at org.eclipse.osgi.container.Module.doStart(Module.java:598)
	at org.eclipse.osgi.container.Module.start(Module.java:462)
	at org.eclipse.osgi.framework.util.SecureAction.start(SecureAction.java:493)
	at org.eclipse.osgi.internal.hooks.EclipseLazyStarter.postFindLocalClass(EclipseLazyStarter.java:117)
	at org.eclipse.osgi.internal.loader.classpath.ClasspathManager.findLocalClass(ClasspathManager.java:570)
	at org.eclipse.osgi.internal.loader.ModuleClassLoader.findLocalClass(ModuleClassLoader.java:330)
	at org.eclipse.osgi.internal.loader.BundleLoader.findLocalClass(BundleLoader.java:396)
	at org.eclipse.osgi.internal.loader.BundleLoader.findClassInternal(BundleLoader.java:474)
	at org.eclipse.osgi.internal.loader.BundleLoader.findClass(BundleLoader.java:423)
	at org.eclipse.osgi.internal.loader.BundleLoader.findClass(BundleLoader.java:415)
	at org.eclipse.osgi.internal.loader.ModuleClassLoader.loadClass(ModuleClassLoader.java:155)
	at java.base/java.lang.ClassLoader.loadClass(ClassLoader.java:521)
	at org.eclipse.osgi.internal.framework.EquinoxBundle.loadClass(EquinoxBundle.java:620)
	at org.apache.felix.scr.impl.manager.AbstractComponentManager.initDependencyManagers(AbstractComponentManager.java:999)
	at org.apache.felix.scr.impl.manager.AbstractComponentManager.collectDependencies(AbstractComponentManager.java:1026)
	at org.apache.felix.scr.impl.manager.SingleComponentManager.getServiceInternal(SingleComponentManager.java:936)
	at org.apache.felix.scr.impl.manager.AbstractComponentManager.activateInternal(AbstractComponentManager.java:765)
	at org.apache.felix.scr.impl.manager.AbstractComponentManager.enableInternal(AbstractComponentManager.java:666)
	at org.apache.felix.scr.impl.manager.AbstractComponentManager.enable(AbstractComponentManager.java:432)
	at org.apache.felix.scr.impl.manager.ConfigurableComponentHolder.enableComponents(ConfigurableComponentHolder.java:665)
	at org.apache.felix.scr.impl.BundleComponentActivator.initialEnable(BundleComponentActivator.java:339)
	at org.apache.felix.scr.impl.Activator.loadComponents(Activator.java:381)
	at org.apache.felix.scr.impl.Activator.access$200(Activator.java:49)
	at org.apache.felix.scr.impl.Activator$ScrExtension.start(Activator.java:263)
	at org.apache.felix.scr.impl.AbstractExtender.createExtension(AbstractExtender.java:196)
	at org.apache.felix.scr.impl.AbstractExtender.modifiedBundle(AbstractExtender.java:169)
	at org.apache.felix.scr.impl.AbstractExtender.addingBundle(AbstractExtender.java:139)
	at org.apache.felix.scr.impl.AbstractExtender.addingBundle(AbstractExtender.java:49)
	at org.osgi.util.tracker.BundleTracker$Tracked.customizerAdding(BundleTracker.java:475)
	at org.osgi.util.tracker.BundleTracker$Tracked.customizerAdding(BundleTracker.java:1)
	at org.osgi.util.tracker.AbstractTracked.trackAdding(AbstractTracked.java:256)
	at org.osgi.util.tracker.AbstractTracked.track(AbstractTracked.java:229)
	at org.osgi.util.tracker.BundleTracker$Tracked.bundleChanged(BundleTracker.java:450)
	at org.eclipse.osgi.internal.framework.BundleContextImpl.dispatchEvent(BundleContextImpl.java:973)
	at org.eclipse.osgi.framework.eventmgr.EventManager.dispatchEvent(EventManager.java:234)
	at org.eclipse.osgi.framework.eventmgr.ListenerQueue.dispatchEventSynchronous(ListenerQueue.java:151)
	at org.eclipse.osgi.internal.framework.EquinoxEventPublisher.publishBundleEventPrivileged(EquinoxEventPublisher.java:234)
	at org.eclipse.osgi.internal.framework.EquinoxEventPublisher.publishBundleEvent(EquinoxEventPublisher.java:140)
	at org.eclipse.osgi.internal.framework.EquinoxEventPublisher.publishBundleEvent(EquinoxEventPublisher.java:132)
	at org.eclipse.osgi.internal.framework.EquinoxContainerAdaptor.publishModuleEvent(EquinoxContainerAdaptor.java:231)
	at org.eclipse.osgi.container.Module.publishEvent(Module.java:493)
	at org.eclipse.osgi.container.Module.start(Module.java:480)
	at org.eclipse.osgi.container.ModuleContainer$ContainerStartLevel$1.run(ModuleContainer.java:1820)
	at org.eclipse.osgi.internal.framework.EquinoxContainerAdaptor$2$1.execute(EquinoxContainerAdaptor.java:150)
	at org.eclipse.osgi.container.ModuleContainer$ContainerStartLevel.incStartLevel(ModuleContainer.java:1813)
	at org.eclipse.osgi.container.ModuleContainer$ContainerStartLevel.incStartLevel(ModuleContainer.java:1769)
	at org.eclipse.osgi.container.ModuleContainer$ContainerStartLevel.doContainerStartLevel(ModuleContainer.java:1735)
	at org.eclipse.osgi.container.ModuleContainer$ContainerStartLevel.dispatchEvent(ModuleContainer.java:1661)
	at org.eclipse.osgi.container.ModuleContainer$ContainerStartLevel.dispatchEvent(ModuleContainer.java:1)
	at org.eclipse.osgi.framework.eventmgr.EventManager.dispatchEvent(EventManager.java:234)
	at org.eclipse.osgi.framework.eventmgr.EventManager$EventThread.run(EventManager.java:345)
Caused by: java.lang.IllegalStateException: The platform metadata area could not be written: K:\eclipse-jee-2019-06-R-win32-x86_64\.metadata.  By default the platform writes its content
under the current working directory when the platform is launched.  Use the -data parameter to
specify a different content area for the platform.
	at org.eclipse.core.internal.runtime.DataArea.assertLocationInitialized(DataArea.java:73)
	at org.eclipse.core.internal.runtime.DataArea.getStateLocation(DataArea.java:141)
	at org.eclipse.core.internal.preferences.InstancePreferences.getBaseLocation(InstancePreferences.java:47)
	at org.eclipse.core.internal.preferences.InstancePreferences.initializeChildren(InstancePreferences.java:212)
	at org.eclipse.core.internal.preferences.InstancePreferences.<init>(InstancePreferences.java:62)
	at org.eclipse.core.internal.preferences.InstancePreferences.internalCreate(InstancePreferences.java:223)
	at org.eclipse.core.internal.preferences.EclipsePreferences.create(EclipsePreferences.java:352)
	at org.eclipse.core.internal.preferences.EclipsePreferences.create(EclipsePreferences.java:340)
	at org.eclipse.core.internal.preferences.PreferencesService.createNode(PreferencesService.java:396)
	at org.eclipse.core.internal.preferences.RootPreferences.getChild(RootPreferences.java:63)
	at org.eclipse.core.internal.preferences.RootPreferences.getNode(RootPreferences.java:98)
	at org.eclipse.core.internal.preferences.RootPreferences.node(RootPreferences.java:87)
	at org.eclipse.core.internal.preferences.AbstractScope.getNode(AbstractScope.java:41)
	at org.eclipse.core.runtime.preferences.InstanceScope.getNode(InstanceScope.java:80)
	at org.eclipse.core.internal.preferences.PreferencesService$5.run(PreferencesService.java:613)
	at org.eclipse.core.runtime.SafeRunner.run(SafeRunner.java:45)
	at org.eclipse.core.internal.preferences.PreferencesService.getNodes(PreferencesService.java:603)
	at org.eclipse.core.internal.preferences.PreferencesService.getBoolean(PreferencesService.java:481)
	at org.eclipse.ui.trace.internal.utils.PreferenceHandler.isTracingEnabled(PreferenceHandler.java:111)
	at org.eclipse.ui.trace.internal.TracingUIActivator.initPreferences(TracingUIActivator.java:103)
	at org.eclipse.ui.trace.internal.TracingUIActivator.start(TracingUIActivator.java:72)
	at org.eclipse.osgi.internal.framework.BundleContextImpl$3.run(BundleContextImpl.java:842)
	at org.eclipse.osgi.internal.framework.BundleContextImpl$3.run(BundleContextImpl.java:1)
	at java.base/java.security.AccessController.doPrivileged(Native Method)
	at org.eclipse.osgi.internal.framework.BundleContextImpl.startActivator(BundleContextImpl.java:834)
	... 54 more
Root exception:
java.lang.IllegalStateException: The platform metadata area could not be written: K:\eclipse-jee-2019-06-R-win32-x86_64\.metadata.  By default the platform writes its content
under the current working directory when the platform is launched.  Use the -data parameter to
specify a different content area for the platform.
	at org.eclipse.core.internal.runtime.DataArea.assertLocationInitialized(DataArea.java:73)
	at org.eclipse.core.internal.runtime.DataArea.getStateLocation(DataArea.java:141)
	at org.eclipse.core.internal.preferences.InstancePreferences.getBaseLocation(InstancePreferences.java:47)
	at org.eclipse.core.internal.preferences.InstancePreferences.initializeChildren(InstancePreferences.java:212)
	at org.eclipse.core.internal.preferences.InstancePreferences.<init>(InstancePreferences.java:62)
	at org.eclipse.core.internal.preferences.InstancePreferences.internalCreate(InstancePreferences.java:223)
	at org.eclipse.core.internal.preferences.EclipsePreferences.create(EclipsePreferences.java:352)
	at org.eclipse.core.internal.preferences.EclipsePreferences.create(EclipsePreferences.java:340)
	at org.eclipse.core.internal.preferences.PreferencesService.createNode(PreferencesService.java:396)
	at org.eclipse.core.internal.preferences.RootPreferences.getChild(RootPreferences.java:63)
	at org.eclipse.core.internal.preferences.RootPreferences.getNode(RootPreferences.java:98)
	at org.eclipse.core.internal.preferences.RootPreferences.node(RootPreferences.java:87)
	at org.eclipse.core.internal.preferences.AbstractScope.getNode(AbstractScope.java:41)
	at org.eclipse.core.runtime.preferences.InstanceScope.getNode(InstanceScope.java:80)
	at org.eclipse.core.internal.preferences.PreferencesService$5.run(PreferencesService.java:613)
	at org.eclipse.core.runtime.SafeRunner.run(SafeRunner.java:45)
	at org.eclipse.core.internal.preferences.PreferencesService.getNodes(PreferencesService.java:603)
	at org.eclipse.core.internal.preferences.PreferencesService.getBoolean(PreferencesService.java:481)
	at org.eclipse.ui.trace.internal.utils.PreferenceHandler.isTracingEnabled(PreferenceHandler.java:111)
	at org.eclipse.ui.trace.internal.TracingUIActivator.initPreferences(TracingUIActivator.java:103)
	at org.eclipse.ui.trace.internal.TracingUIActivator.start(TracingUIActivator.java:72)
	at org.eclipse.osgi.internal.framework.BundleContextImpl$3.run(BundleContextImpl.java:842)
	at org.eclipse.osgi.internal.framework.BundleContextImpl$3.run(BundleContextImpl.java:1)
	at java.base/java.security.AccessController.doPrivileged(Native Method)
	at org.eclipse.osgi.internal.framework.BundleContextImpl.startActivator(BundleContextImpl.java:834)
	at org.eclipse.osgi.internal.framework.BundleContextImpl.start(BundleContextImpl.java:791)
	at org.eclipse.osgi.internal.framework.EquinoxBundle.startWorker0(EquinoxBundle.java:1013)
	at org.eclipse.osgi.internal.framework.EquinoxBundle$EquinoxModule.startWorker(EquinoxBundle.java:365)
	at org.eclipse.osgi.container.Module.doStart(Module.java:598)
	at org.eclipse.osgi.container.Module.start(Module.java:462)
	at org.eclipse.osgi.framework.util.SecureAction.start(SecureAction.java:493)
	at org.eclipse.osgi.internal.hooks.EclipseLazyStarter.postFindLocalClass(EclipseLazyStarter.java:117)
	at org.eclipse.osgi.internal.loader.classpath.ClasspathManager.findLocalClass(ClasspathManager.java:570)
	at org.eclipse.osgi.internal.loader.ModuleClassLoader.findLocalClass(ModuleClassLoader.java:330)
	at org.eclipse.osgi.internal.loader.BundleLoader.findLocalClass(BundleLoader.java:396)
	at org.eclipse.osgi.internal.loader.BundleLoader.findClassInternal(BundleLoader.java:474)
	at org.eclipse.osgi.internal.loader.BundleLoader.findClass(BundleLoader.java:423)
	at org.eclipse.osgi.internal.loader.BundleLoader.findClass(BundleLoader.java:415)
	at org.eclipse.osgi.internal.loader.ModuleClassLoader.loadClass(ModuleClassLoader.java:155)
	at java.base/java.lang.ClassLoader.loadClass(ClassLoader.java:521)
	at org.eclipse.osgi.internal.framework.EquinoxBundle.loadClass(EquinoxBundle.java:620)
	at org.apache.felix.scr.impl.manager.AbstractComponentManager.initDependencyManagers(AbstractComponentManager.java:999)
	at org.apache.felix.scr.impl.manager.AbstractComponentManager.collectDependencies(AbstractComponentManager.java:1026)
	at org.apache.felix.scr.impl.manager.SingleComponentManager.getServiceInternal(SingleComponentManager.java:936)
	at org.apache.felix.scr.impl.manager.AbstractComponentManager.activateInternal(AbstractComponentManager.java:765)
	at org.apache.felix.scr.impl.manager.AbstractComponentManager.enableInternal(AbstractComponentManager.java:666)
	at org.apache.felix.scr.impl.manager.AbstractComponentManager.enable(AbstractComponentManager.java:432)
	at org.apache.felix.scr.impl.manager.ConfigurableComponentHolder.enableComponents(ConfigurableComponentHolder.java:665)
	at org.apache.felix.scr.impl.BundleComponentActivator.initialEnable(BundleComponentActivator.java:339)
	at org.apache.felix.scr.impl.Activator.loadComponents(Activator.java:381)
	at org.apache.felix.scr.impl.Activator.access$200(Activator.java:49)
	at org.apache.felix.scr.impl.Activator$ScrExtension.start(Activator.java:263)
	at org.apache.felix.scr.impl.AbstractExtender.createExtension(AbstractExtender.java:196)
	at org.apache.felix.scr.impl.AbstractExtender.modifiedBundle(AbstractExtender.java:169)
	at org.apache.felix.scr.impl.AbstractExtender.addingBundle(AbstractExtender.java:139)
	at org.apache.felix.scr.impl.AbstractExtender.addingBundle(AbstractExtender.java:49)
	at org.osgi.util.tracker.BundleTracker$Tracked.customizerAdding(BundleTracker.java:475)
	at org.osgi.util.tracker.BundleTracker$Tracked.customizerAdding(BundleTracker.java:1)
	at org.osgi.util.tracker.AbstractTracked.trackAdding(AbstractTracked.java:256)
	at org.osgi.util.tracker.AbstractTracked.track(AbstractTracked.java:229)
	at org.osgi.util.tracker.BundleTracker$Tracked.bundleChanged(BundleTracker.java:450)
	at org.eclipse.osgi.internal.framework.BundleContextImpl.dispatchEvent(BundleContextImpl.java:973)
	at org.eclipse.osgi.framework.eventmgr.EventManager.dispatchEvent(EventManager.java:234)
	at org.eclipse.osgi.framework.eventmgr.ListenerQueue.dispatchEventSynchronous(ListenerQueue.java:151)
	at org.eclipse.osgi.internal.framework.EquinoxEventPublisher.publishBundleEventPrivileged(EquinoxEventPublisher.java:234)
	at org.eclipse.osgi.internal.framework.EquinoxEventPublisher.publishBundleEvent(EquinoxEventPublisher.java:140)
	at org.eclipse.osgi.internal.framework.EquinoxEventPublisher.publishBundleEvent(EquinoxEventPublisher.java:132)
	at org.eclipse.osgi.internal.framework.EquinoxContainerAdaptor.publishModuleEvent(EquinoxContainerAdaptor.java:231)
	at org.eclipse.osgi.container.Module.publishEvent(Module.java:493)
	at org.eclipse.osgi.container.Module.start(Module.java:480)
	at org.eclipse.osgi.container.ModuleContainer$ContainerStartLevel$1.run(ModuleContainer.java:1820)
	at org.eclipse.osgi.internal.framework.EquinoxContainerAdaptor$2$1.execute(EquinoxContainerAdaptor.java:150)
	at org.eclipse.osgi.container.ModuleContainer$ContainerStartLevel.incStartLevel(ModuleContainer.java:1813)
	at org.eclipse.osgi.container.ModuleContainer$ContainerStartLevel.incStartLevel(ModuleContainer.java:1769)
	at org.eclipse.osgi.container.ModuleContainer$ContainerStartLevel.doContainerStartLevel(ModuleContainer.java:1735)
	at org.eclipse.osgi.container.ModuleContainer$ContainerStartLevel.dispatchEvent(ModuleContainer.java:1661)
	at org.eclipse.osgi.container.ModuleContainer$ContainerStartLevel.dispatchEvent(ModuleContainer.java:1)
	at org.eclipse.osgi.framework.eventmgr.EventManager.dispatchEvent(EventManager.java:234)
	at org.eclipse.osgi.framework.eventmgr.EventManager$EventThread.run(EventManager.java:345)

!ENTRY org.eclipse.ui.trace 4 0 2019-09-26 09:19:16.376
!MESSAGE bundle org.eclipse.ui.trace:1.1.500.v20190513-1223 (766)[org.eclipse.ui.trace.TracingInitializer(53)] : Could not load implementation object class org.eclipse.ui.trace.internal.utils.TracingInitializer
!STACK 0
java.lang.ClassNotFoundException: An error occurred while automatically activating bundle org.eclipse.ui.trace (766).
	at org.eclipse.osgi.internal.hooks.EclipseLazyStarter.postFindLocalClass(EclipseLazyStarter.java:126)
	at org.eclipse.osgi.internal.loader.classpath.ClasspathManager.findLocalClass(ClasspathManager.java:570)
	at org.eclipse.osgi.internal.loader.ModuleClassLoader.findLocalClass(ModuleClassLoader.java:330)
	at org.eclipse.osgi.internal.loader.BundleLoader.findLocalClass(BundleLoader.java:396)
	at org.eclipse.osgi.internal.loader.BundleLoader.findClassInternal(BundleLoader.java:474)
	at org.eclipse.osgi.internal.loader.BundleLoader.findClass(BundleLoader.java:423)
	at org.eclipse.osgi.internal.loader.BundleLoader.findClass(BundleLoader.java:415)
	at org.eclipse.osgi.internal.loader.ModuleClassLoader.loadClass(ModuleClassLoader.java:155)
	at java.base/java.lang.ClassLoader.loadClass(ClassLoader.java:521)
	at org.eclipse.osgi.internal.framework.EquinoxBundle.loadClass(EquinoxBundle.java:620)
	at org.apache.felix.scr.impl.manager.AbstractComponentManager.initDependencyManagers(AbstractComponentManager.java:999)
	at org.apache.felix.scr.impl.manager.AbstractComponentManager.collectDependencies(AbstractComponentManager.java:1026)
	at org.apache.felix.scr.impl.manager.SingleComponentManager.getServiceInternal(SingleComponentManager.java:936)
	at org.apache.felix.scr.impl.manager.AbstractComponentManager.activateInternal(AbstractComponentManager.java:765)
	at org.apache.felix.scr.impl.manager.AbstractComponentManager.enableInternal(AbstractComponentManager.java:666)
	at org.apache.felix.scr.impl.manager.AbstractComponentManager.enable(AbstractComponentManager.java:432)
	at org.apache.felix.scr.impl.manager.ConfigurableComponentHolder.enableComponents(ConfigurableComponentHolder.java:665)
	at org.apache.felix.scr.impl.BundleComponentActivator.initialEnable(BundleComponentActivator.java:339)
	at org.apache.felix.scr.impl.Activator.loadComponents(Activator.java:381)
	at org.apache.felix.scr.impl.Activator.access$200(Activator.java:49)
	at org.apache.felix.scr.impl.Activator$ScrExtension.start(Activator.java:263)
	at org.apache.felix.scr.impl.AbstractExtender.createExtension(AbstractExtender.java:196)
	at org.apache.felix.scr.impl.AbstractExtender.modifiedBundle(AbstractExtender.java:169)
	at org.apache.felix.scr.impl.AbstractExtender.addingBundle(AbstractExtender.java:139)
	at org.apache.felix.scr.impl.AbstractExtender.addingBundle(AbstractExtender.java:49)
	at org.osgi.util.tracker.BundleTracker$Tracked.customizerAdding(BundleTracker.java:475)
	at org.osgi.util.tracker.BundleTracker$Tracked.customizerAdding(BundleTracker.java:1)
	at org.osgi.util.tracker.AbstractTracked.trackAdding(AbstractTracked.java:256)
	at org.osgi.util.tracker.AbstractTracked.track(AbstractTracked.java:229)
	at org.osgi.util.tracker.BundleTracker$Tracked.bundleChanged(BundleTracker.java:450)
	at org.eclipse.osgi.internal.framework.BundleContextImpl.dispatchEvent(BundleContextImpl.java:973)
	at org.eclipse.osgi.framework.eventmgr.EventManager.dispatchEvent(EventManager.java:234)
	at org.eclipse.osgi.framework.eventmgr.ListenerQueue.dispatchEventSynchronous(ListenerQueue.java:151)
	at org.eclipse.osgi.internal.framework.EquinoxEventPublisher.publishBundleEventPrivileged(EquinoxEventPublisher.java:234)
	at org.eclipse.osgi.internal.framework.EquinoxEventPublisher.publishBundleEvent(EquinoxEventPublisher.java:140)
	at org.eclipse.osgi.internal.framework.EquinoxEventPublisher.publishBundleEvent(EquinoxEventPublisher.java:132)
	at org.eclipse.osgi.internal.framework.EquinoxContainerAdaptor.publishModuleEvent(EquinoxContainerAdaptor.java:231)
	at org.eclipse.osgi.container.Module.publishEvent(Module.java:493)
	at org.eclipse.osgi.container.Module.start(Module.java:480)
	at org.eclipse.osgi.container.ModuleContainer$ContainerStartLevel$1.run(ModuleContainer.java:1820)
	at org.eclipse.osgi.internal.framework.EquinoxContainerAdaptor$2$1.execute(EquinoxContainerAdaptor.java:150)
	at org.eclipse.osgi.container.ModuleContainer$ContainerStartLevel.incStartLevel(ModuleContainer.java:1813)
	at org.eclipse.osgi.container.ModuleContainer$ContainerStartLevel.incStartLevel(ModuleContainer.java:1769)
	at org.eclipse.osgi.container.ModuleContainer$ContainerStartLevel.doContainerStartLevel(ModuleContainer.java:1735)
	at org.eclipse.osgi.container.ModuleContainer$ContainerStartLevel.dispatchEvent(ModuleContainer.java:1661)
	at org.eclipse.osgi.container.ModuleContainer$ContainerStartLevel.dispatchEvent(ModuleContainer.java:1)
	at org.eclipse.osgi.framework.eventmgr.EventManager.dispatchEvent(EventManager.java:234)
	at org.eclipse.osgi.framework.eventmgr.EventManager$EventThread.run(EventManager.java:345)
Caused by: org.osgi.framework.BundleException: Exception in org.eclipse.ui.trace.internal.TracingUIActivator.start() of bundle org.eclipse.ui.trace.
	at org.eclipse.osgi.internal.framework.BundleContextImpl.startActivator(BundleContextImpl.java:863)
	at org.eclipse.osgi.internal.framework.BundleContextImpl.start(BundleContextImpl.java:791)
	at org.eclipse.osgi.internal.framework.EquinoxBundle.startWorker0(EquinoxBundle.java:1013)
	at org.eclipse.osgi.internal.framework.EquinoxBundle$EquinoxModule.startWorker(EquinoxBundle.java:365)
	at org.eclipse.osgi.container.Module.doStart(Module.java:598)
	at org.eclipse.osgi.container.Module.start(Module.java:462)
	at org.eclipse.osgi.framework.util.SecureAction.start(SecureAction.java:493)
	at org.eclipse.osgi.internal.hooks.EclipseLazyStarter.postFindLocalClass(EclipseLazyStarter.java:117)
	... 47 more
Caused by: java.lang.IllegalStateException: The platform metadata area could not be written: K:\eclipse-jee-2019-06-R-win32-x86_64\.metadata.  By default the platform writes its content
under the current working directory when the platform is launched.  Use the -data parameter to
specify a different content area for the platform.
	at org.eclipse.core.internal.runtime.DataArea.assertLocationInitialized(DataArea.java:73)
	at org.eclipse.core.internal.runtime.DataArea.getStateLocation(DataArea.java:141)
	at org.eclipse.core.internal.preferences.InstancePreferences.getBaseLocation(InstancePreferences.java:47)
	at org.eclipse.core.internal.preferences.InstancePreferences.initializeChildren(InstancePreferences.java:212)
	at org.eclipse.core.internal.preferences.InstancePreferences.<init>(InstancePreferences.java:62)
	at org.eclipse.core.internal.preferences.InstancePreferences.internalCreate(InstancePreferences.java:223)
	at org.eclipse.core.internal.preferences.EclipsePreferences.create(EclipsePreferences.java:352)
	at org.eclipse.core.internal.preferences.EclipsePreferences.create(EclipsePreferences.java:340)
	at org.eclipse.core.internal.preferences.PreferencesService.createNode(PreferencesService.java:396)
	at org.eclipse.core.internal.preferences.RootPreferences.getChild(RootPreferences.java:63)
	at org.eclipse.core.internal.preferences.RootPreferences.getNode(RootPreferences.java:98)
	at org.eclipse.core.internal.preferences.RootPreferences.node(RootPreferences.java:87)
	at org.eclipse.core.internal.preferences.AbstractScope.getNode(AbstractScope.java:41)
	at org.eclipse.core.runtime.preferences.InstanceScope.getNode(InstanceScope.java:80)
	at org.eclipse.core.internal.preferences.PreferencesService$5.run(PreferencesService.java:613)
	at org.eclipse.core.runtime.SafeRunner.run(SafeRunner.java:45)
	at org.eclipse.core.internal.preferences.PreferencesService.getNodes(PreferencesService.java:603)
	at org.eclipse.core.internal.preferences.PreferencesService.getBoolean(PreferencesService.java:481)
	at org.eclipse.ui.trace.internal.utils.PreferenceHandler.isTracingEnabled(PreferenceHandler.java:111)
	at org.eclipse.ui.trace.internal.TracingUIActivator.initPreferences(TracingUIActivator.java:103)
	at org.eclipse.ui.trace.internal.TracingUIActivator.start(TracingUIActivator.java:72)
	at org.eclipse.osgi.internal.framework.BundleContextImpl$3.run(BundleContextImpl.java:842)
	at org.eclipse.osgi.internal.framework.BundleContextImpl$3.run(BundleContextImpl.java:1)
	at java.base/java.security.AccessController.doPrivileged(Native Method)
	at org.eclipse.osgi.internal.framework.BundleContextImpl.startActivator(BundleContextImpl.java:834)
	... 54 more

!ENTRY org.eclipse.ui.trace 4 0 2019-09-26 09:19:16.385
!MESSAGE bundle org.eclipse.ui.trace:1.1.500.v20190513-1223 (766)BundleComponentActivator : Unexpected failure enabling component holder org.eclipse.ui.trace.TracingInitializer
!STACK 0
java.lang.IllegalStateException: Could not load implementation object class org.eclipse.ui.trace.internal.utils.TracingInitializer
	at org.apache.felix.scr.impl.manager.AbstractComponentManager.initDependencyManagers(AbstractComponentManager.java:1006)
	at org.apache.felix.scr.impl.manager.AbstractComponentManager.collectDependencies(AbstractComponentManager.java:1026)
	at org.apache.felix.scr.impl.manager.SingleComponentManager.getServiceInternal(SingleComponentManager.java:936)
	at org.apache.felix.scr.impl.manager.AbstractComponentManager.activateInternal(AbstractComponentManager.java:765)
	at org.apache.felix.scr.impl.manager.AbstractComponentManager.enableInternal(AbstractComponentManager.java:666)
	at org.apache.felix.scr.impl.manager.AbstractComponentManager.enable(AbstractComponentManager.java:432)
	at org.apache.felix.scr.impl.manager.ConfigurableComponentHolder.enableComponents(ConfigurableComponentHolder.java:665)
	at org.apache.felix.scr.impl.BundleComponentActivator.initialEnable(BundleComponentActivator.java:339)
	at org.apache.felix.scr.impl.Activator.loadComponents(Activator.java:381)
	at org.apache.felix.scr.impl.Activator.access$200(Activator.java:49)
	at org.apache.felix.scr.impl.Activator$ScrExtension.start(Activator.java:263)
	at org.apache.felix.scr.impl.AbstractExtender.createExtension(AbstractExtender.java:196)
	at org.apache.felix.scr.impl.AbstractExtender.modifiedBundle(AbstractExtender.java:169)
	at org.apache.felix.scr.impl.AbstractExtender.addingBundle(AbstractExtender.java:139)
	at org.apache.felix.scr.impl.AbstractExtender.addingBundle(AbstractExtender.java:49)
	at org.osgi.util.tracker.BundleTracker$Tracked.customizerAdding(BundleTracker.java:475)
	at org.osgi.util.tracker.BundleTracker$Tracked.customizerAdding(BundleTracker.java:1)
	at org.osgi.util.tracker.AbstractTracked.trackAdding(AbstractTracked.java:256)
	at org.osgi.util.tracker.AbstractTracked.track(AbstractTracked.java:229)
	at org.osgi.util.tracker.BundleTracker$Tracked.bundleChanged(BundleTracker.java:450)
	at org.eclipse.osgi.internal.framework.BundleContextImpl.dispatchEvent(BundleContextImpl.java:973)
	at org.eclipse.osgi.framework.eventmgr.EventManager.dispatchEvent(EventManager.java:234)
	at org.eclipse.osgi.framework.eventmgr.ListenerQueue.dispatchEventSynchronous(ListenerQueue.java:151)
	at org.eclipse.osgi.internal.framework.EquinoxEventPublisher.publishBundleEventPrivileged(EquinoxEventPublisher.java:234)
	at org.eclipse.osgi.internal.framework.EquinoxEventPublisher.publishBundleEvent(EquinoxEventPublisher.java:140)
	at org.eclipse.osgi.internal.framework.EquinoxEventPublisher.publishBundleEvent(EquinoxEventPublisher.java:132)
	at org.eclipse.osgi.internal.framework.EquinoxContainerAdaptor.publishModuleEvent(EquinoxContainerAdaptor.java:231)
	at org.eclipse.osgi.container.Module.publishEvent(Module.java:493)
	at org.eclipse.osgi.container.Module.start(Module.java:480)
	at org.eclipse.osgi.container.ModuleContainer$ContainerStartLevel$1.run(ModuleContainer.java:1820)
	at org.eclipse.osgi.internal.framework.EquinoxContainerAdaptor$2$1.execute(EquinoxContainerAdaptor.java:150)
	at org.eclipse.osgi.container.ModuleContainer$ContainerStartLevel.incStartLevel(ModuleContainer.java:1813)
	at org.eclipse.osgi.container.ModuleContainer$ContainerStartLevel.incStartLevel(ModuleContainer.java:1769)
	at org.eclipse.osgi.container.ModuleContainer$ContainerStartLevel.doContainerStartLevel(ModuleContainer.java:1735)
	at org.eclipse.osgi.container.ModuleContainer$ContainerStartLevel.dispatchEvent(ModuleContainer.java:1661)
	at org.eclipse.osgi.container.ModuleContainer$ContainerStartLevel.dispatchEvent(ModuleContainer.java:1)
	at org.eclipse.osgi.framework.eventmgr.EventManager.dispatchEvent(EventManager.java:234)
	at org.eclipse.osgi.framework.eventmgr.EventManager$EventThread.run(EventManager.java:345)

!ENTRY org.eclipse.ui.ide 4 4 2019-09-26 09:19:20.028
!MESSAGE Could not obtain lock for workspace location

!ENTRY org.eclipse.ui.ide 4 4 2019-09-26 09:19:20.035
!MESSAGE Could not obtain lock for workspace location
!STACK 0
java.io.IOException: The folder "K:\eclipse-jee-2019-06-R-win32-x86_64\.metadata" is read-only.
	at org.eclipse.osgi.internal.location.BasicLocation.lock(BasicLocation.java:193)
	at org.eclipse.osgi.internal.location.BasicLocation.lock(BasicLocation.java:166)
	at org.eclipse.ui.internal.ide.application.IDEApplication.checkInstanceLocation(IDEApplication.java:226)
	at org.eclipse.ui.internal.ide.application.IDEApplication.start(IDEApplication.java:145)
	at org.eclipse.equinox.internal.app.EclipseAppHandle.run(EclipseAppHandle.java:203)
	at org.eclipse.core.runtime.internal.adaptor.EclipseAppLauncher.runApplication(EclipseAppLauncher.java:137)
	at org.eclipse.core.runtime.internal.adaptor.EclipseAppLauncher.start(EclipseAppLauncher.java:107)
	at org.eclipse.core.runtime.adaptor.EclipseStarter.run(EclipseStarter.java:400)
	at org.eclipse.core.runtime.adaptor.EclipseStarter.run(EclipseStarter.java:255)
	at java.base/jdk.internal.reflect.NativeMethodAccessorImpl.invoke0(Native Method)
	at java.base/jdk.internal.reflect.NativeMethodAccessorImpl.invoke(NativeMethodAccessorImpl.java:62)
	at java.base/jdk.internal.reflect.DelegatingMethodAccessorImpl.invoke(DelegatingMethodAccessorImpl.java:43)
	at java.base/java.lang.reflect.Method.invoke(Method.java:566)
	at org.eclipse.equinox.launcher.Main.invokeFramework(Main.java:660)
	at org.eclipse.equinox.launcher.Main.basicRun(Main.java:597)
	at org.eclipse.equinox.launcher.Main.run(Main.java:1468)
